2020-07-09 13:48:00 INFO  Basework:54 - Start a single test...
2020-07-09 13:48:37 INFO  Basework:69 - End a single test...
2020-07-09 13:49:29 INFO  Basework:54 - Start a single test...
2020-07-09 13:49:38 INFO  MainPage:22 - the title of th epage is My Store
2020-07-09 13:49:38 INFO  Basework:69 - End a single test...
2020-07-09 13:50:14 INFO  Basework:54 - Start a single test...
2020-07-09 13:50:24 INFO  MainPage:22 - the title of th epage is My Store
2020-07-09 13:50:38 INFO  MainPage:47 - the title of th epage is My Store
2020-07-09 13:50:38 INFO  Basework:69 - End a single test...
2020-07-09 14:09:06 INFO  Basework:54 - Start a single test...
2020-07-09 14:09:14 INFO  MainPage:22 - the title of th epage is My Store
2020-07-09 14:09:18 INFO  MainPage:48 - the title of th epage is My Store
2020-07-09 14:09:18 INFO  Basework:69 - End a single test...
2020-07-09 14:10:04 INFO  Basework:54 - Start a single test...
2020-07-09 14:10:12 INFO  MainPage:22 - the title of th epage is My Store
2020-07-09 14:10:17 INFO  MainPage:48 - the title of th epage is My Store
2020-07-09 14:10:17 INFO  Basework:69 - End a single test...
2020-07-09 14:12:27 INFO  Basework:54 - Start a single test...
2020-07-09 14:12:35 INFO  MainPage:22 - the title of th epage is My Store
2020-07-09 14:12:39 INFO  MainPage:47 - the title of th epage is Summer Dresses - My Store
2020-07-09 14:12:58 INFO  Basework:69 - End a single test...
2020-07-09 14:26:39 INFO  Basework:54 - Start a single test...
2020-07-09 14:26:47 INFO  MainPage:22 - the title of th epage is My Store
2020-07-09 14:26:52 INFO  MainPage:47 - the title of th epage is Summer Dresses - My Store
2020-07-09 14:27:03 INFO  Basework:69 - End a single test...
2020-07-09 15:41:54 INFO  Basework:54 - Start a single test...
2020-07-09 15:42:02 INFO  MainPage:22 - the title of th epage is My Store
2020-07-09 15:42:05 INFO  MainPage:47 - the title of th epage is Summer Dresses - My Store
2020-07-09 15:42:07 INFO  Basework:69 - End a single test...
2020-07-12 19:43:30 INFO  Basework:54 - Start a single test...
2020-07-12 19:43:42 INFO  MainPage:22 - the title of th epage is My Store
2020-07-12 19:43:49 INFO  MainPage:47 - the title of th epage is Summer Dresses - My Store
2020-07-12 19:44:10 INFO  Basework:69 - End a single test...
2020-07-12 20:08:48 INFO  Basework:54 - Start a single test...
2020-07-12 20:08:59 INFO  MainPage:22 - the title of th epage is My Store
2020-07-12 20:09:04 INFO  MainPage:47 - the title of th epage is Summer Dresses - My Store
2020-07-12 20:42:38 INFO  Basework:54 - Start a single test...
2020-07-12 20:42:58 INFO  Basework:69 - End a single test...
2020-07-12 20:43:17 INFO  Basework:54 - Start a single test...
2020-07-12 20:43:30 INFO  MainPage:22 - the title of th epage is My Store
2020-07-12 20:43:31 INFO  SmokeTest:54 - the title of th epage is Login - My Store
2020-07-12 20:43:33 INFO  Basework:69 - End a single test...
2020-07-13 20:13:56 INFO  Basework:54 - Start a single test...
2020-07-13 20:14:06 INFO  MainPage:22 - the title of th epage is My Store
2020-07-13 20:14:08 INFO  Basework:69 - End a single test...
2020-07-13 20:16:29 INFO  Basework:54 - Start a single test...
2020-07-13 20:16:38 INFO  MainPage:22 - the title of th epage is My Store
2020-07-13 20:16:39 INFO  SmokeTest:72 - the title of th epage is Search - My Store
2020-07-13 20:16:39 INFO  Basework:69 - End a single test...
2020-07-13 22:40:41 INFO  Basework:54 - Start a single test...
2020-07-13 22:40:52 INFO  MainPage:22 - the title of th epage is My Store
2020-07-13 22:41:21 INFO  Basework:69 - End a single test...
2020-07-13 22:44:50 INFO  Basework:54 - Start a single test...
2020-07-13 22:44:59 INFO  MainPage:22 - the title of th epage is My Store
2020-07-13 22:45:10 INFO  SmokeTest:88 - the title of th epage is Order - My Store
2020-07-13 22:45:10 INFO  Basework:69 - End a single test...
2020-07-16 13:56:12 INFO  Basework:54 - Start a single test...
2020-07-16 13:56:27 INFO  Basework:69 - End a single test...
2020-07-16 13:56:53 INFO  Basework:54 - Start a single test...
2020-07-16 13:57:03 INFO  MainPage:22 - the title of th epage is My Store
2020-07-16 13:57:08 INFO  SliderPage:20 - the title of th epage is Create and develop your eCommerce website with PrestaShop
2020-07-16 13:57:08 INFO  Basework:69 - End a single test...
2020-07-16 13:58:07 INFO  Basework:54 - Start a single test...
2020-07-16 13:58:17 INFO  MainPage:22 - the title of th epage is My Store
2020-07-16 13:58:21 INFO  SliderPage:20 - the title of th epage is Create and develop your eCommerce website with PrestaShop
2020-07-16 13:58:21 INFO  Basework:69 - End a single test...
2020-07-16 14:00:44 INFO  Basework:54 - Start a single test...
2020-07-16 14:00:55 INFO  MainPage:22 - the title of th epage is My Store
2020-07-16 14:00:59 INFO  SliderPage:20 - the title of th epage is Create and develop your eCommerce website with PrestaShop
2020-07-16 14:01:29 INFO  Basework:69 - End a single test...
2020-07-16 14:03:53 INFO  Basework:54 - Start a single test...
2020-07-16 14:04:02 INFO  MainPage:22 - the title of th epage is My Store
2020-07-16 14:04:05 INFO  SliderPage:20 - the title of th epage is Create and develop your eCommerce website with PrestaShop
2020-07-16 14:04:07 INFO  MainPage:22 - the title of th epage is My Store
2020-07-16 14:04:09 INFO  SliderPage:31 - the title of th epage is Create and develop your eCommerce website with PrestaShop
2020-07-16 14:04:11 INFO  MainPage:22 - the title of th epage is My Store
2020-07-16 14:04:13 INFO  SliderPage:41 - the title of th epage is Create and develop your eCommerce website with PrestaShop
2020-07-16 14:04:13 INFO  Basework:69 - End a single test...
2020-07-16 14:07:54 INFO  Basework:54 - Start a single test...
2020-07-16 14:08:05 INFO  MainPage:22 - the title of th epage is My Store
2020-07-16 14:08:09 INFO  SliderPage:20 - the title of th epage is Create and develop your eCommerce website with PrestaShop
2020-07-16 14:08:09 INFO  Basework:69 - End a single test...
2020-07-16 14:08:14 INFO  Basework:54 - Start a single test...
2020-07-16 14:08:24 INFO  MainPage:22 - the title of th epage is My Store
2020-07-16 14:08:29 INFO  SliderPage:31 - the title of th epage is Create and develop your eCommerce website with PrestaShop
2020-07-16 14:08:29 INFO  Basework:69 - End a single test...
2020-07-16 14:08:34 INFO  Basework:54 - Start a single test...
2020-07-16 14:08:43 INFO  MainPage:22 - the title of th epage is My Store
2020-07-16 14:08:48 INFO  SliderPage:41 - the title of th epage is Create and develop your eCommerce website with PrestaShop
2020-07-16 14:08:48 INFO  Basework:69 - End a single test...
2020-07-16 14:11:37 INFO  Basework:54 - Start a single test...
2020-07-16 14:11:47 INFO  MainPage:22 - the title of th epage is My Store
2020-07-16 14:11:51 INFO  SliderPage:51 - the title of th epage is Create and develop your eCommerce website with PrestaShop
2020-07-16 14:11:51 INFO  Basework:69 - End a single test...
2020-07-16 14:11:56 INFO  Basework:54 - Start a single test...
2020-07-16 14:12:05 INFO  MainPage:22 - the title of th epage is My Store
2020-07-16 14:12:10 INFO  SliderPage:61 - the title of th epage is Create and develop your eCommerce website with PrestaShop
2020-07-16 14:12:10 INFO  Basework:69 - End a single test...
2020-07-16 14:12:15 INFO  Basework:54 - Start a single test...
2020-07-16 14:12:24 INFO  MainPage:22 - the title of th epage is My Store
2020-07-16 14:12:28 INFO  SliderPage:71 - the title of th epage is Create and develop your eCommerce website with PrestaShop
2020-07-16 14:12:28 INFO  Basework:69 - End a single test...
2020-07-16 14:12:34 INFO  Basework:54 - Start a single test...
2020-07-16 14:12:43 INFO  MainPage:22 - the title of th epage is My Store
2020-07-16 14:12:49 INFO  SliderPage:81 - the title of th epage is Create and develop your eCommerce website with PrestaShop
2020-07-16 14:12:49 INFO  Basework:69 - End a single test...
2020-07-16 14:14:17 INFO  Basework:54 - Start a single test...
2020-07-16 14:14:27 INFO  MainPage:22 - the title of th epage is My Store
2020-07-16 14:14:32 INFO  SliderPage:51 - the title of th epage is Create and develop your eCommerce website with PrestaShop
2020-07-16 14:14:32 INFO  Basework:69 - End a single test...
2020-07-16 14:14:37 INFO  Basework:54 - Start a single test...
2020-07-16 14:14:46 INFO  MainPage:22 - the title of th epage is My Store
2020-07-16 14:14:51 INFO  SliderPage:61 - the title of th epage is Create and develop your eCommerce website with PrestaShop
2020-07-16 14:14:51 INFO  Basework:69 - End a single test...
2020-07-16 14:14:56 INFO  Basework:54 - Start a single test...
2020-07-16 14:15:03 INFO  MainPage:22 - the title of th epage is My Store
2020-07-16 14:15:07 INFO  SliderPage:71 - the title of th epage is Create and develop your eCommerce website with PrestaShop
2020-07-16 14:15:07 INFO  Basework:69 - End a single test...
2020-07-16 14:15:12 INFO  Basework:54 - Start a single test...
2020-07-16 14:15:22 INFO  MainPage:22 - the title of th epage is My Store
2020-07-16 14:15:27 INFO  SliderPage:81 - the title of th epage is Create and develop your eCommerce website with PrestaShop
2020-07-16 14:15:27 INFO  Basework:69 - End a single test...
2020-07-16 15:05:04 INFO  Basework:54 - Start a single test...
2020-07-16 15:05:16 INFO  MainPage:22 - the title of th epage is My Store
2020-07-16 15:05:17 INFO  MainPage:18 - the title of th epage is Contact us - My Store
2020-07-16 15:05:34 INFO  Basework:69 - End a single test...
2020-07-16 15:07:30 INFO  Basework:54 - Start a single test...
2020-07-16 15:07:45 INFO  MainPage:22 - the title of th epage is My Store
2020-07-16 15:07:46 INFO  MainPage:18 - the title of th epage is Contact us - My Store
2020-07-16 15:07:49 INFO  SmokeTest:155 - Your message has been successfully sent to our team.
2020-07-16 15:07:49 INFO  Basework:69 - End a single test...
2020-07-16 15:53:59 INFO  Basework:54 - Start a single test...
2020-07-16 15:54:09 INFO  MainPage:22 - the title of th epage is My Store
2020-07-16 15:54:12 INFO  InfoPage:19 - the title of th epage is Delivery - My Store
2020-07-16 15:54:15 INFO  InfoPage:33 - the title of th epage is Legal Notice - My Store
2020-07-16 15:54:20 INFO  InfoPage:44 - the title of th epage is Terms and conditions of use - My Store
2020-07-16 15:54:23 INFO  InfoPage:55 - the title of th epage is About us - My Store
2020-07-16 15:54:29 INFO  InfoPage:66 - the title of th epage is Secure payment - My Store
2020-07-16 15:54:35 INFO  InfoPage:77 - the title of th epage is Stores - My Store
2020-07-16 15:54:35 INFO  Basework:69 - End a single test...
2020-07-16 15:55:09 INFO  Basework:54 - Start a single test...
2020-07-16 15:55:18 INFO  MainPage:22 - the title of th epage is My Store
2020-07-16 15:55:21 INFO  InfoPage:19 - the title of th epage is Delivery - My Store
2020-07-16 15:55:23 INFO  InfoPage:33 - the title of th epage is Legal Notice - My Store
2020-07-16 15:55:25 INFO  InfoPage:44 - the title of th epage is Terms and conditions of use - My Store
2020-07-16 15:55:27 INFO  InfoPage:55 - the title of th epage is About us - My Store
2020-07-16 15:55:29 INFO  InfoPage:66 - the title of th epage is Secure payment - My Store
2020-07-16 15:55:32 INFO  InfoPage:77 - the title of th epage is Stores - My Store
2020-07-16 15:55:32 INFO  Basework:69 - End a single test...
2020-07-16 16:34:36 INFO  Basework:54 - Start a single test...
2020-07-16 16:34:44 INFO  MainPage:22 - the title of th epage is My Store
2020-07-16 16:35:14 INFO  Basework:69 - End a single test...
2020-07-16 16:36:54 INFO  Basework:54 - Start a single test...
2020-07-16 16:37:02 INFO  MainPage:22 - the title of th epage is My Store
2020-07-16 16:37:05 INFO  AccountPage:25 - the title of th epage is Order history - My Store
2020-07-16 16:37:37 INFO  Basework:69 - End a single test...
2020-07-16 16:38:54 INFO  Basework:54 - Start a single test...
2020-07-16 16:39:04 INFO  MainPage:22 - the title of th epage is My Store
2020-07-16 16:39:14 INFO  AccountPage:25 - the title of th epage is Order history - My Store
2020-07-16 16:39:17 INFO  Basework:69 - End a single test...
2020-07-16 16:39:46 INFO  Basework:54 - Start a single test...
2020-07-16 16:39:55 INFO  MainPage:22 - the title of th epage is My Store
2020-07-16 16:40:00 INFO  AccountPage:25 - the title of th epage is Order history - My Store
2020-07-16 16:40:20 INFO  Basework:69 - End a single test...
2020-07-16 16:42:35 INFO  Basework:54 - Start a single test...
2020-07-16 16:42:43 INFO  MainPage:22 - the title of th epage is My Store
2020-07-16 16:42:47 INFO  AccountPage:25 - the title of th epage is Order history - My Store
2020-07-16 16:42:49 INFO  AccountPage:37 - You have not received any credit slips.
2020-07-16 16:42:49 INFO  Basework:69 - End a single test...
2020-07-16 16:43:09 INFO  Basework:54 - Start a single test...
2020-07-16 16:43:18 INFO  MainPage:22 - the title of th epage is My Store
2020-07-16 16:43:21 INFO  AccountPage:25 - the title of th epage is Order history - My Store
2020-07-16 16:43:23 INFO  AccountPage:37 - You have not received any credit slips.
2020-07-16 16:43:26 INFO  AccountPage:45 - the title of th epage is Addresses - My Store
2020-07-16 16:43:56 INFO  Basework:69 - End a single test...
2020-07-16 16:45:21 INFO  Basework:54 - Start a single test...
2020-07-16 16:45:32 INFO  MainPage:22 - the title of th epage is My Store
2020-07-16 16:45:42 INFO  AccountPage:25 - the title of th epage is Order history - My Store
2020-07-16 16:45:49 INFO  AccountPage:37 - You have not received any credit slips.
2020-07-16 16:45:53 INFO  AccountPage:46 - the title of th epage is Addresses - My Store
2020-07-16 16:45:56 INFO  AccountPage:56 - the title of th epage is Identity - My Store
2020-07-16 16:45:59 INFO  AccountPage:65 - the title of th epage is My Store
2020-07-16 16:46:30 INFO  Basework:69 - End a single test...
2020-07-16 16:47:30 INFO  Basework:54 - Start a single test...
2020-07-16 16:47:38 INFO  MainPage:22 - the title of th epage is My Store
2020-07-16 16:47:42 INFO  AccountPage:25 - the title of th epage is Order history - My Store
2020-07-16 16:47:43 INFO  AccountPage:37 - You have not received any credit slips.
2020-07-16 16:47:44 INFO  AccountPage:46 - the title of th epage is Addresses - My Store
2020-07-16 16:47:45 INFO  Basework:69 - End a single test...
2020-07-16 16:48:11 INFO  Basework:54 - Start a single test...
2020-07-16 16:48:19 INFO  MainPage:22 - the title of th epage is My Store
2020-07-16 16:48:22 INFO  AccountPage:25 - the title of th epage is Order history - My Store
2020-07-16 16:48:25 INFO  AccountPage:37 - You have not received any credit slips.
2020-07-16 16:48:26 INFO  AccountPage:46 - the title of th epage is Addresses - My Store
2020-07-16 16:48:27 INFO  AccountPage:56 - the title of th epage is Identity - My Store
2020-07-16 16:48:28 INFO  Basework:69 - End a single test...
2020-07-16 16:48:52 INFO  Basework:54 - Start a single test...
2020-07-16 16:49:02 INFO  MainPage:22 - the title of th epage is My Store
2020-07-16 16:49:06 INFO  AccountPage:25 - the title of th epage is Order history - My Store
2020-07-16 16:49:09 INFO  AccountPage:37 - You have not received any credit slips.
2020-07-16 16:49:10 INFO  AccountPage:46 - the title of th epage is Addresses - My Store
2020-07-16 16:49:12 INFO  AccountPage:56 - the title of th epage is Identity - My Store
2020-07-16 16:49:13 INFO  AccountPage:65 - the title of th epage is My Store
2020-07-16 16:49:44 INFO  Basework:69 - End a single test...
2020-07-16 16:50:50 INFO  Basework:54 - Start a single test...
2020-07-16 16:50:59 INFO  MainPage:22 - the title of th epage is My Store
2020-07-16 16:51:05 INFO  AccountPage:25 - the title of th epage is Order history - My Store
2020-07-16 16:51:08 INFO  AccountPage:37 - You have not received any credit slips.
2020-07-16 16:51:10 INFO  AccountPage:46 - the title of th epage is Addresses - My Store
2020-07-16 16:51:14 INFO  AccountPage:56 - the title of th epage is Identity - My Store
2020-07-16 16:51:18 INFO  AccountPage:65 - the title of th epage is My Store
2020-07-16 16:51:20 INFO  Basework:69 - End a single test...
2020-07-16 16:56:14 INFO  Basework:54 - Start a single test...
2020-07-16 16:56:23 INFO  MainPage:22 - the title of th epage is My Store
2020-07-16 16:56:53 INFO  Basework:69 - End a single test...
2020-07-16 16:59:32 INFO  Basework:54 - Start a single test...
2020-07-16 16:59:41 INFO  MainPage:22 - the title of th epage is My Store
2020-07-16 16:59:45 INFO  AccountPage:38 - the title of th epage is Order history - My Store
2020-07-16 16:59:46 INFO  AccountPage:50 - You have not received any credit slips.
2020-07-16 16:59:48 INFO  AccountPage:59 - the title of th epage is Addresses - My Store
2020-07-16 16:59:49 INFO  AccountPage:69 - the title of th epage is Identity - My Store
2020-07-16 16:59:50 INFO  AccountPage:78 - the title of th epage is My Store
2020-07-16 16:59:52 INFO  Basework:69 - End a single test...
2020-07-16 17:15:09 INFO  Basework:54 - Start a single test...
2020-07-16 17:15:18 INFO  MainPage:22 - the title of th epage is My Store
2020-07-16 17:15:24 INFO  AccountPage:38 - the title of th epage is Order history - My Store
2020-07-16 17:15:26 INFO  AccountPage:50 - You have not received any credit slips.
2020-07-16 17:15:28 INFO  AccountPage:59 - the title of th epage is Addresses - My Store
2020-07-16 17:15:31 INFO  AccountPage:69 - the title of th epage is Identity - My Store
2020-07-16 17:15:32 INFO  AccountPage:78 - the title of th epage is My Store
2020-07-16 17:15:34 INFO  Basework:69 - End a single test...
